Determining if the pthread_create exist failed with the following output:
Change Dir: /home/eric/slam/ORB_SLAM2/Examples/ROS/ORB_SLAM2/build/CMakeFiles/CMakeTmp

Run Build Command:"/usr/bin/make" "cmTC_80552/fast"
/usr/bin/make -f CMakeFiles/cmTC_80552.dir/build.make CMakeFiles/cmTC_80552.dir/build
make[1]: Entering directory '/home/eric/slam/ORB_SLAM2/Examples/ROS/ORB_SLAM2/build/CMakeFiles/CMakeTmp'
Building C object CMakeFiles/cmTC_80552.dir/CheckSymbolExists.c.o
/usr/bin/cc     -o CMakeFiles/cmTC_80552.dir/CheckSymbolExists.c.o   -c /home/eric/slam/ORB_SLAM2/Examples/ROS/ORB_SLAM2/build/CMakeFiles/CMakeTmp/CheckSymbolExists.c
Linking C executable cmTC_80552
/usr/bin/cmake -E cmake_link_script CMakeFiles/cmTC_80552.dir/link.txt --verbose=1
/usr/bin/cc       CMakeFiles/cmTC_80552.dir/CheckSymbolExists.c.o  -o cmTC_80552 -rdynamic 
CMakeFiles/cmTC_80552.dir/CheckSymbolExists.c.o：在函数‘main’中：
CheckSymbolExists.c:(.text+0x16)：对‘pthread_create’未定义的引用
collect2: error: ld returned 1 exit status
CMakeFiles/cmTC_80552.dir/build.make:97: recipe for target 'cmTC_80552' failed
make[1]: *** [cmTC_80552] Error 1
make[1]: Leaving directory '/home/eric/slam/ORB_SLAM2/Examples/ROS/ORB_SLAM2/build/CMakeFiles/CMakeTmp'
Makefile:126: recipe for target 'cmTC_80552/fast' failed
make: *** [cmTC_80552/fast] Error 2

File /home/eric/slam/ORB_SLAM2/Examples/ROS/ORB_SLAM2/build/CMakeFiles/CMakeTmp/CheckSymbolExists.c:
/* */
#include <pthread.h>

int main(int argc, char** argv)
{
  (void)argv;
#ifndef pthread_create
  return ((int*)(&pthread_create))[argc];
#else
  (void)argc;
  return 0;
#endif
}

Determining if the function pthread_create exists in the pthreads failed with the following output:
Change Dir: /home/eric/slam/ORB_SLAM2/Examples/ROS/ORB_SLAM2/build/CMakeFiles/CMakeTmp

Run Build Command:"/usr/bin/make" "cmTC_d0969/fast"
/usr/bin/make -f CMakeFiles/cmTC_d0969.dir/build.make CMakeFiles/cmTC_d0969.dir/build
make[1]: Entering directory '/home/eric/slam/ORB_SLAM2/Examples/ROS/ORB_SLAM2/build/CMakeFiles/CMakeTmp'
Building C object CMakeFiles/cmTC_d0969.dir/CheckFunctionExists.c.o
/usr/bin/cc    -DCHECK_FUNCTION_EXISTS=pthread_create   -o CMakeFiles/cmTC_d0969.dir/CheckFunctionExists.c.o   -c /usr/share/cmake-3.5/Modules/CheckFunctionExists.c
Linking C executable cmTC_d0969
/usr/bin/cmake -E cmake_link_script CMakeFiles/cmTC_d0969.dir/link.txt --verbose=1
/usr/bin/cc   -DCHECK_FUNCTION_EXISTS=pthread_create    CMakeFiles/cmTC_d0969.dir/CheckFunctionExists.c.o  -o cmTC_d0969 -rdynamic -lpthreads 
/usr/bin/ld: 找不到 -lpthreads
collect2: error: ld returned 1 exit status
CMakeFiles/cmTC_d0969.dir/build.make:97: recipe for target 'cmTC_d0969' failed
make[1]: *** [cmTC_d0969] Error 1
make[1]: Leaving directory '/home/eric/slam/ORB_SLAM2/Examples/ROS/ORB_SLAM2/build/CMakeFiles/CMakeTmp'
Makefile:126: recipe for target 'cmTC_d0969/fast' failed
make: *** [cmTC_d0969/fast] Error 2


